<?xml version="1.0" encoding="UTF-8"?>
<testsuite xmlns:xsi="http://www.w3.org/2001/XMLSchema-instance" xsi:noNamespaceSchemaLocation="https://maven.apache.org/surefire/maven-surefire-plugin/xsd/surefire-test-report.xsd" name="org.my.group.MyResourceTest" time="7.721" tests="1" errors="0" skipped="0" failures="1">
  <properties>
[...]
</properties>
  <testcase name="testHelloEndpoint" classname="org.my.group.MyResourceTest" time="1.637">
    <failure message="1 expectation failed.&#10;Expected status code &lt;200&gt; but was &lt;404&gt;.&#10;" type="java.lang.AssertionError"><![CDATA[java.lang.AssertionError: 
1 expectation failed.
Expected status code <200> but was <404>.

	at org.my.group.MyResourceTest.testHelloEndpoint(MyResourceTest.java:17)
]]></failure>
    <system-out><![CDATA[2021-09-28 10:31:53,225 INFO  [io.quarkus] (main) Quarkus 1.2.1.Final started in 1.008s. Listening on: http://0.0.0.0:8081
2021-09-28 10:31:53,228 INFO  [io.quarkus] (main) Profile test activated. 
2021-09-28 10:31:53,228 INFO  [io.quarkus] (main) Installed features: [cdi, resteasy, resteasy-jsonb, smallrye-openapi, swagger-ui]
]]></system-out>
    <system-err><![CDATA[SLF4J: Class path contains multiple SLF4J bindings.
SLF4J: Found binding in [jar:file:/home/user/.m2/repository/org/jboss/slf4j/slf4j-jboss-logging/1.2.0.Final/slf4j-jboss-logging-1.2.0.Final.jar!/org/slf4j/impl/StaticLoggerBinder.class]
SLF4J: Found binding in [jar:file:/home/user/.m2/repository/ch/qos/logback/logback-classic/1.2.1/logback-classic-1.2.1.jar!/org/slf4j/impl/StaticLoggerBinder.class]
SLF4J: See http://www.slf4j.org/codes.html#multiple_bindings for an explanation.
SLF4J: Actual binding is of type [org.jboss.slf4j.JBossLoggerFactory]
]]></system-err>
  </testcase>
</testsuite>